<?xml version="1.0" encoding="UTF-8"?>
<!-- Generated by org.testng.reporters.JUnitReportReporter -->
<testsuite hostname="user" name="com.test.Pagedown" tests="1" failures="0" timestamp="4 Feb 2019 06:03:33 GMT" time="11.968" errors="0">
  <testcase name="scrollpage" time="11.968" classname="com.test.Pagedown"/>
</testsuite> <!-- com.test.Pagedown -->
