<?xml version="1.0" encoding="UTF-8"?>
<!-- Generated by org.testng.reporters.JUnitReportReporter -->
<testsuite hostname="user" name="com.test.Testng_webdriver" tests="2" failures="0" timestamp="5 Feb 2019 13:28:01 GMT" time="11.867" errors="0">
  <testcase name="login" time="8.717" classname="com.test.Testng_webdriver"/>
  <testcase name="cose" time="3.150" classname="com.test.Testng_webdriver"/>
</testsuite> <!-- com.test.Testng_webdriver -->
