<?xml version="1.0" encoding="UTF-8"?>
<!-- Generated by org.testng.reporters.JUnitReportReporter -->
<testsuite hostname="user" name="com.scroll.Scroldownpage" tests="1" failures="0" timestamp="28 Feb 2019 03:11:20 GMT" time="25.096" errors="0">
  <testcase name="scrollpage" time="25.096" classname="com.scroll.Scroldownpage"/>
</testsuite> <!-- com.scroll.Scroldownpage -->
