<?xml version="1.0" encoding="UTF-8"?>
<!-- Generated by org.testng.reporters.JUnitReportReporter -->
<testsuite hostname="user" name="com.hrms.DataDriven" tests="1" failures="0" timestamp="8 Feb 2019 04:24:51 GMT" time="8.313" errors="0">
  <testcase name="login" time="8.313" classname="com.hrms.DataDriven"/>
</testsuite> <!-- com.hrms.DataDriven -->
