<?xml version="1.0" encoding="UTF-8"?>
<!-- Generated by org.testng.reporters.JUnitReportReporter -->
<testsuite hostname="user" name="com.hrms.Ex_ExcelDataRetrieve" tests="6" failures="0" timestamp="8 Feb 2019 07:53:03 GMT" time="46.727" errors="0">
  <testcase name="pim" time="7.943" classname="com.hrms.Ex_ExcelDataRetrieve"/>
  <testcase name="pim" time="8.420" classname="com.hrms.Ex_ExcelDataRetrieve"/>
  <testcase name="pim" time="7.805" classname="com.hrms.Ex_ExcelDataRetrieve"/>
  <testcase name="pim" time="7.857" classname="com.hrms.Ex_ExcelDataRetrieve"/>
  <testcase name="login" time="6.930" classname="com.hrms.Ex_ExcelDataRetrieve"/>
  <testcase name="pim" time="7.772" classname="com.hrms.Ex_ExcelDataRetrieve"/>
</testsuite> <!-- com.hrms.Ex_ExcelDataRetrieve -->
